<?xml version="1.0" encoding="UTF-8"?>
<testng-results ignored="0" total="1" passed="1" failed="0" skipped="0">
  <reporter-output>
  </reporter-output>
  <suite started-at="2025-05-16T18:32:42 GMT+07:00" name="Default suite" finished-at="2025-05-16T18:33:14 GMT+07:00" duration-ms="31662">
    <groups>
    </groups>
    <test started-at="2025-05-16T18:32:42 GMT+07:00" name="Default test" finished-at="2025-05-16T18:33:14 GMT+07:00" duration-ms="31662">
      <class name="QuanlytrangchuTestNG.QuanlytrangchuTestNG">
        <test-method is-config="true" signature="beforeTest()[pri:0, instance:QuanlytrangchuTestNG.QuanlytrangchuTestNG@4961f6af]" started-at="2025-05-16T18:32:42 GMT+07:00" name="beforeTest" finished-at="2025-05-16T18:32:45 GMT+07:00" duration-ms="2677" status="PASS">
          <reporter-output>
          </reporter-output>
        </test-method> <!-- beforeTest -->
        <test-method signature="testthongtin()[pri:0, instance:QuanlytrangchuTestNG.QuanlytrangchuTestNG@4961f6af]" started-at="2025-05-16T18:32:45 GMT+07:00" name="testthongtin" finished-at="2025-05-16T18:33:13 GMT+07:00" duration-ms="28650" status="PASS">
          <reporter-output>
          </reporter-output>
        </test-method> <!-- testthongtin -->
        <test-method is-config="true" signature="afterTest()[pri:0, instance:QuanlytrangchuTestNG.QuanlytrangchuTestNG@4961f6af]" started-at="2025-05-16T18:33:13 GMT+07:00" name="afterTest" finished-at="2025-05-16T18:33:14 GMT+07:00" duration-ms="302" status="PASS">
          <reporter-output>
          </reporter-output>
        </test-method> <!-- afterTest -->
      </class> <!-- QuanlytrangchuTestNG.QuanlytrangchuTestNG -->
    </test> <!-- Default test -->
  </suite> <!-- Default suite -->
</testng-results>
