<?xml version="1.0" encoding="UTF-8"?>
<testng-results ignored="0" total="1" passed="1" failed="0" skipped="0">
  <reporter-output>
  </reporter-output>
  <suite started-at="2025-10-31T11:36:04 GMT+07:00" name="Default suite" finished-at="2025-10-31T11:36:59 GMT+07:00" duration-ms="55673">
    <groups>
    </groups>
    <test started-at="2025-10-31T11:36:04 GMT+07:00" name="Default test" finished-at="2025-10-31T11:36:59 GMT+07:00" duration-ms="55673">
      <class name="HocTapTestNG.Menukhoahoc">
        <test-method is-config="true" signature="beforeTest(org.testng.ITestContext)[pri:0, instance:HocTapTestNG.Menukhoahoc@48b67364]" started-at="2025-10-31T11:36:04 GMT+07:00" name="beforeTest" finished-at="2025-10-31T11:36:05 GMT+07:00" duration-ms="1624" status="PASS">
          <params>
            <param index="0">
              <value>
                <![CDATA[org.testng.TestRunner@6cd5122d]]>
              </value>
            </param>
          </params>
          <reporter-output>
          </reporter-output>
        </test-method> <!-- beforeTest -->
        <test-method signature="dieuhuong()[pri:0, instance:HocTapTestNG.Menukhoahoc@48b67364]" started-at="2025-10-31T11:36:05 GMT+07:00" name="dieuhuong" finished-at="2025-10-31T11:36:59 GMT+07:00" duration-ms="53726" status="PASS">
          <reporter-output>
          </reporter-output>
        </test-method> <!-- dieuhuong -->
        <test-method is-config="true" signature="afterTest()[pri:0, instance:HocTapTestNG.Menukhoahoc@48b67364]" started-at="2025-10-31T11:36:59 GMT+07:00" name="afterTest" finished-at="2025-10-31T11:36:59 GMT+07:00" duration-ms="278" status="PASS">
          <reporter-output>
          </reporter-output>
        </test-method> <!-- afterTest -->
      </class> <!-- HocTapTestNG.Menukhoahoc -->
    </test> <!-- Default test -->
  </suite> <!-- Default suite -->
</testng-results>
