<?xml version="1.0" encoding="UTF-8"?>
<testng-results ignored="0" total="14" passed="14" failed="0" skipped="0">
  <reporter-output>
  </reporter-output>
  <suite started-at="2025-06-28T19:20:22 GMT+07:00" name="Login Suite" finished-at="2025-06-28T19:23:11 GMT+07:00" duration-ms="168479">
    <groups>
    </groups>
    <test started-at="2025-06-28T19:20:22 GMT+07:00" name="Login Test" finished-at="2025-06-28T19:23:11 GMT+07:00" duration-ms="168479">
      <class name="tests.LoginTest">
        <test-method is-config="true" signature="setUp()[pri:0, instance:tests.LoginTest@510f3d34]" started-at="2025-06-28T19:20:23 GMT+07:00" name="setUp" finished-at="2025-06-28T19:20:37 GMT+07:00" duration-ms="14023" status="PASS">
          <reporter-output>
          </reporter-output>
        </test-method> <!-- setUp -->
        <test-method signature="testLogin(java.lang.String,java.lang.String,java.lang.String)[pri:0, instance:tests.LoginTest@510f3d34]" started-at="2025-06-28T19:20:37 GMT+07:00" name="testLogin" data-provider="loginData" finished-at="2025-06-28T19:20:44 GMT+07:00" duration-ms="6989" status="PASS">
          <params>
            <param index="0">
              <value>
                <![CDATA[tranthuhien21012004@gmail.com]]>
              </value>
            </param>
            <param index="1">
              <value>
                <![CDATA[abcdef]]>
              </value>
            </param>
            <param index="2">
              <value>
                <![CDATA[Tên người dùng/email/mật khẩu đã cung cấp không chính xác.]]>
              </value>
            </param>
          </params>
          <reporter-output>
          </reporter-output>
        </test-method> <!-- testLogin -->
        <test-method is-config="true" signature="tearDown()[pri:0, instance:tests.LoginTest@510f3d34]" started-at="2025-06-28T19:20:44 GMT+07:00" name="tearDown" finished-at="2025-06-28T19:20:45 GMT+07:00" duration-ms="331" status="PASS">
          <reporter-output>
          </reporter-output>
        </test-method> <!-- tearDown -->
        <test-method is-config="true" signature="setUp()[pri:0, instance:tests.LoginTest@510f3d34]" started-at="2025-06-28T19:20:45 GMT+07:00" name="setUp" finished-at="2025-06-28T19:20:50 GMT+07:00" duration-ms="5051" status="PASS">
          <reporter-output>
          </reporter-output>
        </test-method> <!-- setUp -->
        <test-method signature="testLogin(java.lang.String,java.lang.String,java.lang.String)[pri:0, instance:tests.LoginTest@510f3d34]" started-at="2025-06-28T19:20:50 GMT+07:00" name="testLogin" data-provider="loginData" finished-at="2025-06-28T19:20:53 GMT+07:00" duration-ms="3439" status="PASS">
          <params>
            <param index="0">
              <value>
                <![CDATA[tranthuhien21012004@gmail.com]]>
              </value>
            </param>
            <param index="1">
              <value>
                <![CDATA[]]>
              </value>
            </param>
            <param index="2">
              <value>
                <![CDATA[Tài khoản không được bỏ trống]]>
              </value>
            </param>
          </params>
          <reporter-output>
          </reporter-output>
        </test-method> <!-- testLogin -->
        <test-method is-config="true" signature="tearDown()[pri:0, instance:tests.LoginTest@510f3d34]" started-at="2025-06-28T19:20:53 GMT+07:00" name="tearDown" finished-at="2025-06-28T19:20:53 GMT+07:00" duration-ms="357" status="PASS">
          <reporter-output>
          </reporter-output>
        </test-method> <!-- tearDown -->
        <test-method is-config="true" signature="setUp()[pri:0, instance:tests.LoginTest@510f3d34]" started-at="2025-06-28T19:20:53 GMT+07:00" name="setUp" finished-at="2025-06-28T19:21:04 GMT+07:00" duration-ms="10580" status="PASS">
          <reporter-output>
          </reporter-output>
        </test-method> <!-- setUp -->
        <test-method signature="testLogin(java.lang.String,java.lang.String,java.lang.String)[pri:0, instance:tests.LoginTest@510f3d34]" started-at="2025-06-28T19:21:04 GMT+07:00" name="testLogin" data-provider="loginData" finished-at="2025-06-28T19:21:07 GMT+07:00" duration-ms="2777" status="PASS">
          <params>
            <param index="0">
              <value>
                <![CDATA[]]>
              </value>
            </param>
            <param index="1">
              <value>
                <![CDATA[abcdef]]>
              </value>
            </param>
            <param index="2">
              <value>
                <![CDATA[Tài khoản không được bỏ trống]]>
              </value>
            </param>
          </params>
          <reporter-output>
          </reporter-output>
        </test-method> <!-- testLogin -->
        <test-method is-config="true" signature="tearDown()[pri:0, instance:tests.LoginTest@510f3d34]" started-at="2025-06-28T19:21:07 GMT+07:00" name="tearDown" finished-at="2025-06-28T19:21:07 GMT+07:00" duration-ms="293" status="PASS">
          <reporter-output>
          </reporter-output>
        </test-method> <!-- tearDown -->
        <test-method is-config="true" signature="setUp()[pri:0, instance:tests.LoginTest@510f3d34]" started-at="2025-06-28T19:21:07 GMT+07:00" name="setUp" finished-at="2025-06-28T19:21:10 GMT+07:00" duration-ms="2579" status="PASS">
          <reporter-output>
          </reporter-output>
        </test-method> <!-- setUp -->
        <test-method signature="testLogin(java.lang.String,java.lang.String,java.lang.String)[pri:0, instance:tests.LoginTest@510f3d34]" started-at="2025-06-28T19:21:10 GMT+07:00" name="testLogin" data-provider="loginData" finished-at="2025-06-28T19:21:13 GMT+07:00" duration-ms="3472" status="PASS">
          <params>
            <param index="0">
              <value>
                <![CDATA[]]>
              </value>
            </param>
            <param index="1">
              <value>
                <![CDATA[]]>
              </value>
            </param>
            <param index="2">
              <value>
                <![CDATA[Tài khoản không được bỏ trống]]>
              </value>
            </param>
          </params>
          <reporter-output>
          </reporter-output>
        </test-method> <!-- testLogin -->
        <test-method is-config="true" signature="tearDown()[pri:0, instance:tests.LoginTest@510f3d34]" started-at="2025-06-28T19:21:13 GMT+07:00" name="tearDown" finished-at="2025-06-28T19:21:14 GMT+07:00" duration-ms="433" status="PASS">
          <reporter-output>
          </reporter-output>
        </test-method> <!-- tearDown -->
        <test-method is-config="true" signature="setUp()[pri:0, instance:tests.LoginTest@510f3d34]" started-at="2025-06-28T19:21:14 GMT+07:00" name="setUp" finished-at="2025-06-28T19:21:16 GMT+07:00" duration-ms="2688" status="PASS">
          <reporter-output>
          </reporter-output>
        </test-method> <!-- setUp -->
        <test-method signature="testLogin(java.lang.String,java.lang.String,java.lang.String)[pri:0, instance:tests.LoginTest@510f3d34]" started-at="2025-06-28T19:21:16 GMT+07:00" name="testLogin" data-provider="loginData" finished-at="2025-06-28T19:21:24 GMT+07:00" duration-ms="7500" status="PASS">
          <params>
            <param index="0">
              <value>
                <![CDATA[tranthuhien21012004]]>
              </value>
            </param>
            <param index="1">
              <value>
                <![CDATA[abcdef]]>
              </value>
            </param>
            <param index="2">
              <value>
                <![CDATA[Tên người dùng/email/mật khẩu đã cung cấp không chính xác.]]>
              </value>
            </param>
          </params>
          <reporter-output>
          </reporter-output>
        </test-method> <!-- testLogin -->
        <test-method is-config="true" signature="tearDown()[pri:0, instance:tests.LoginTest@510f3d34]" started-at="2025-06-28T19:21:24 GMT+07:00" name="tearDown" finished-at="2025-06-28T19:21:24 GMT+07:00" duration-ms="276" status="PASS">
          <reporter-output>
          </reporter-output>
        </test-method> <!-- tearDown -->
        <test-method is-config="true" signature="setUp()[pri:0, instance:tests.LoginTest@510f3d34]" started-at="2025-06-28T19:21:24 GMT+07:00" name="setUp" finished-at="2025-06-28T19:21:29 GMT+07:00" duration-ms="4722" status="PASS">
          <reporter-output>
          </reporter-output>
        </test-method> <!-- setUp -->
        <test-method signature="testLogin(java.lang.String,java.lang.String,java.lang.String)[pri:0, instance:tests.LoginTest@510f3d34]" started-at="2025-06-28T19:21:29 GMT+07:00" name="testLogin" data-provider="loginData" finished-at="2025-06-28T19:21:36 GMT+07:00" duration-ms="6950" status="PASS">
          <params>
            <param index="0">
              <value>
                <![CDATA[tranthuhien2101]]>
              </value>
            </param>
            <param index="1">
              <value>
                <![CDATA[abcdef]]>
              </value>
            </param>
            <param index="2">
              <value>
                <![CDATA[Tên người dùng/email/mật khẩu đã cung cấp không chính xác.]]>
              </value>
            </param>
          </params>
          <reporter-output>
          </reporter-output>
        </test-method> <!-- testLogin -->
        <test-method is-config="true" signature="tearDown()[pri:0, instance:tests.LoginTest@510f3d34]" started-at="2025-06-28T19:21:36 GMT+07:00" name="tearDown" finished-at="2025-06-28T19:21:36 GMT+07:00" duration-ms="222" status="PASS">
          <reporter-output>
          </reporter-output>
        </test-method> <!-- tearDown -->
        <test-method is-config="true" signature="setUp()[pri:0, instance:tests.LoginTest@510f3d34]" started-at="2025-06-28T19:21:36 GMT+07:00" name="setUp" finished-at="2025-06-28T19:21:46 GMT+07:00" duration-ms="9960" status="PASS">
          <reporter-output>
          </reporter-output>
        </test-method> <!-- setUp -->
        <test-method signature="testLogin(java.lang.String,java.lang.String,java.lang.String)[pri:0, instance:tests.LoginTest@510f3d34]" started-at="2025-06-28T19:21:46 GMT+07:00" name="testLogin" data-provider="loginData" finished-at="2025-06-28T19:21:52 GMT+07:00" duration-ms="6487" status="PASS">
          <params>
            <param index="0">
              <value>
                <![CDATA[tranthuh4@gmail.com]]>
              </value>
            </param>
            <param index="1">
              <value>
                <![CDATA[abcdef]]>
              </value>
            </param>
            <param index="2">
              <value>
                <![CDATA[Tên người dùng/email/mật khẩu đã cung cấp không chính xác.]]>
              </value>
            </param>
          </params>
          <reporter-output>
          </reporter-output>
        </test-method> <!-- testLogin -->
        <test-method is-config="true" signature="tearDown()[pri:0, instance:tests.LoginTest@510f3d34]" started-at="2025-06-28T19:21:52 GMT+07:00" name="tearDown" finished-at="2025-06-28T19:21:53 GMT+07:00" duration-ms="312" status="PASS">
          <reporter-output>
          </reporter-output>
        </test-method> <!-- tearDown -->
        <test-method is-config="true" signature="setUp()[pri:0, instance:tests.LoginTest@510f3d34]" started-at="2025-06-28T19:21:53 GMT+07:00" name="setUp" finished-at="2025-06-28T19:21:55 GMT+07:00" duration-ms="2694" status="PASS">
          <reporter-output>
          </reporter-output>
        </test-method> <!-- setUp -->
        <test-method signature="testLogin(java.lang.String,java.lang.String,java.lang.String)[pri:0, instance:tests.LoginTest@510f3d34]" started-at="2025-06-28T19:21:55 GMT+07:00" name="testLogin" data-provider="loginData" finished-at="2025-06-28T19:22:02 GMT+07:00" duration-ms="6929" status="PASS">
          <params>
            <param index="0">
              <value>
                <![CDATA[tranthuhien2124@gmail.com]]>
              </value>
            </param>
            <param index="1">
              <value>
                <![CDATA[abcdef]]>
              </value>
            </param>
            <param index="2">
              <value>
                <![CDATA[Tên người dùng/email/mật khẩu đã cung cấp không chính xác.]]>
              </value>
            </param>
          </params>
          <reporter-output>
          </reporter-output>
        </test-method> <!-- testLogin -->
        <test-method is-config="true" signature="tearDown()[pri:0, instance:tests.LoginTest@510f3d34]" started-at="2025-06-28T19:22:02 GMT+07:00" name="tearDown" finished-at="2025-06-28T19:22:03 GMT+07:00" duration-ms="258" status="PASS">
          <reporter-output>
          </reporter-output>
        </test-method> <!-- tearDown -->
        <test-method is-config="true" signature="setUp()[pri:0, instance:tests.LoginTest@510f3d34]" started-at="2025-06-28T19:22:03 GMT+07:00" name="setUp" finished-at="2025-06-28T19:22:05 GMT+07:00" duration-ms="2758" status="PASS">
          <reporter-output>
          </reporter-output>
        </test-method> <!-- setUp -->
        <test-method signature="testLogin(java.lang.String,java.lang.String,java.lang.String)[pri:0, instance:tests.LoginTest@510f3d34]" started-at="2025-06-28T19:22:05 GMT+07:00" name="testLogin" data-provider="loginData" finished-at="2025-06-28T19:22:13 GMT+07:00" duration-ms="7180" status="PASS">
          <params>
            <param index="0">
              <value>
                <![CDATA[tranthuhien2101200@#gmail.com]]>
              </value>
            </param>
            <param index="1">
              <value>
                <![CDATA[abcdef]]>
              </value>
            </param>
            <param index="2">
              <value>
                <![CDATA[Tên người dùng/email/mật khẩu đã cung cấp không chính xác.]]>
              </value>
            </param>
          </params>
          <reporter-output>
          </reporter-output>
        </test-method> <!-- testLogin -->
        <test-method is-config="true" signature="tearDown()[pri:0, instance:tests.LoginTest@510f3d34]" started-at="2025-06-28T19:22:13 GMT+07:00" name="tearDown" finished-at="2025-06-28T19:22:13 GMT+07:00" duration-ms="238" status="PASS">
          <reporter-output>
          </reporter-output>
        </test-method> <!-- tearDown -->
        <test-method is-config="true" signature="setUp()[pri:0, instance:tests.LoginTest@510f3d34]" started-at="2025-06-28T19:22:13 GMT+07:00" name="setUp" finished-at="2025-06-28T19:22:16 GMT+07:00" duration-ms="2848" status="PASS">
          <reporter-output>
          </reporter-output>
        </test-method> <!-- setUp -->
        <test-method signature="testLogin(java.lang.String,java.lang.String,java.lang.String)[pri:0, instance:tests.LoginTest@510f3d34]" started-at="2025-06-28T19:22:16 GMT+07:00" name="testLogin" data-provider="loginData" finished-at="2025-06-28T19:22:23 GMT+07:00" duration-ms="6963" status="PASS">
          <params>
            <param index="0">
              <value>
                <![CDATA[tranthuhien2104@gamil.com]]>
              </value>
            </param>
            <param index="1">
              <value>
                <![CDATA[abcdef]]>
              </value>
            </param>
            <param index="2">
              <value>
                <![CDATA[Tên người dùng/email/mật khẩu đã cung cấp không chính xác.]]>
              </value>
            </param>
          </params>
          <reporter-output>
          </reporter-output>
        </test-method> <!-- testLogin -->
        <test-method is-config="true" signature="tearDown()[pri:0, instance:tests.LoginTest@510f3d34]" started-at="2025-06-28T19:22:23 GMT+07:00" name="tearDown" finished-at="2025-06-28T19:22:23 GMT+07:00" duration-ms="212" status="PASS">
          <reporter-output>
          </reporter-output>
        </test-method> <!-- tearDown -->
        <test-method is-config="true" signature="setUp()[pri:0, instance:tests.LoginTest@510f3d34]" started-at="2025-06-28T19:22:23 GMT+07:00" name="setUp" finished-at="2025-06-28T19:22:25 GMT+07:00" duration-ms="2595" status="PASS">
          <reporter-output>
          </reporter-output>
        </test-method> <!-- setUp -->
        <test-method signature="testLogin(java.lang.String,java.lang.String,java.lang.String)[pri:0, instance:tests.LoginTest@510f3d34]" started-at="2025-06-28T19:22:25 GMT+07:00" name="testLogin" data-provider="loginData" finished-at="2025-06-28T19:22:33 GMT+07:00" duration-ms="7199" status="PASS">
          <params>
            <param index="0">
              <value>
                <![CDATA[tranthuhien2101200@@gmail.com]]>
              </value>
            </param>
            <param index="1">
              <value>
                <![CDATA[abcdef]]>
              </value>
            </param>
            <param index="2">
              <value>
                <![CDATA[Tên người dùng/email/mật khẩu đã cung cấp không chính xác.]]>
              </value>
            </param>
          </params>
          <reporter-output>
          </reporter-output>
        </test-method> <!-- testLogin -->
        <test-method is-config="true" signature="tearDown()[pri:0, instance:tests.LoginTest@510f3d34]" started-at="2025-06-28T19:22:33 GMT+07:00" name="tearDown" finished-at="2025-06-28T19:22:33 GMT+07:00" duration-ms="221" status="PASS">
          <reporter-output>
          </reporter-output>
        </test-method> <!-- tearDown -->
        <test-method is-config="true" signature="setUp()[pri:0, instance:tests.LoginTest@510f3d34]" started-at="2025-06-28T19:22:33 GMT+07:00" name="setUp" finished-at="2025-06-28T19:22:36 GMT+07:00" duration-ms="2731" status="PASS">
          <reporter-output>
          </reporter-output>
        </test-method> <!-- setUp -->
        <test-method signature="testLogin(java.lang.String,java.lang.String,java.lang.String)[pri:0, instance:tests.LoginTest@510f3d34]" started-at="2025-06-28T19:22:36 GMT+07:00" name="testLogin" data-provider="loginData" finished-at="2025-06-28T19:22:42 GMT+07:00" duration-ms="6934" status="PASS">
          <params>
            <param index="0">
              <value>
                <![CDATA[tranthuhien21012004@gmail.com]]>
              </value>
            </param>
            <param index="1">
              <value>
                <![CDATA[123]]>
              </value>
            </param>
            <param index="2">
              <value>
                <![CDATA[Tên người dùng/email/mật khẩu đã cung cấp không chính xác.]]>
              </value>
            </param>
          </params>
          <reporter-output>
          </reporter-output>
        </test-method> <!-- testLogin -->
        <test-method is-config="true" signature="tearDown()[pri:0, instance:tests.LoginTest@510f3d34]" started-at="2025-06-28T19:22:42 GMT+07:00" name="tearDown" finished-at="2025-06-28T19:22:43 GMT+07:00" duration-ms="249" status="PASS">
          <reporter-output>
          </reporter-output>
        </test-method> <!-- tearDown -->
        <test-method is-config="true" signature="setUp()[pri:0, instance:tests.LoginTest@510f3d34]" started-at="2025-06-28T19:22:43 GMT+07:00" name="setUp" finished-at="2025-06-28T19:22:45 GMT+07:00" duration-ms="2573" status="PASS">
          <reporter-output>
          </reporter-output>
        </test-method> <!-- setUp -->
        <test-method signature="testLogin(java.lang.String,java.lang.String,java.lang.String)[pri:0, instance:tests.LoginTest@510f3d34]" started-at="2025-06-28T19:22:45 GMT+07:00" name="testLogin" data-provider="loginData" finished-at="2025-06-28T19:22:52 GMT+07:00" duration-ms="7097" status="PASS">
          <params>
            <param index="0">
              <value>
                <![CDATA[hinhin@gmail.com]]>
              </value>
            </param>
            <param index="1">
              <value>
                <![CDATA[123456]]>
              </value>
            </param>
            <param index="2">
              <value>
                <![CDATA[Tên người dùng/email/mật khẩu đã cung cấp không chính xác.]]>
              </value>
            </param>
          </params>
          <reporter-output>
          </reporter-output>
        </test-method> <!-- testLogin -->
        <test-method is-config="true" signature="tearDown()[pri:0, instance:tests.LoginTest@510f3d34]" started-at="2025-06-28T19:22:52 GMT+07:00" name="tearDown" finished-at="2025-06-28T19:22:53 GMT+07:00" duration-ms="258" status="PASS">
          <reporter-output>
          </reporter-output>
        </test-method> <!-- tearDown -->
        <test-method is-config="true" signature="setUp()[pri:0, instance:tests.LoginTest@510f3d34]" started-at="2025-06-28T19:22:53 GMT+07:00" name="setUp" finished-at="2025-06-28T19:22:58 GMT+07:00" duration-ms="4895" status="PASS">
          <reporter-output>
          </reporter-output>
        </test-method> <!-- setUp -->
        <test-method signature="testLogin(java.lang.String,java.lang.String,java.lang.String)[pri:0, instance:tests.LoginTest@510f3d34]" started-at="2025-06-28T19:22:58 GMT+07:00" name="testLogin" data-provider="loginData" finished-at="2025-06-28T19:23:10 GMT+07:00" duration-ms="12688" status="PASS">
          <params>
            <param index="0">
              <value>
                <![CDATA[tranthuhien21012004@gmail.com]]>
              </value>
            </param>
            <param index="1">
              <value>
                <![CDATA[Hien21012004]]>
              </value>
            </param>
            <param index="2">
              <value>
                <![CDATA[Tài khoản]]>
              </value>
            </param>
          </params>
          <reporter-output>
          </reporter-output>
        </test-method> <!-- testLogin -->
        <test-method is-config="true" signature="tearDown()[pri:0, instance:tests.LoginTest@510f3d34]" started-at="2025-06-28T19:23:10 GMT+07:00" name="tearDown" finished-at="2025-06-28T19:23:11 GMT+07:00" duration-ms="293" status="PASS">
          <reporter-output>
          </reporter-output>
        </test-method> <!-- tearDown -->
      </class> <!-- tests.LoginTest -->
      <class name="tests.TestRunner">
        <test-method is-config="true" signature="sendReport()[pri:0, instance:tests.TestRunner@f79e]" started-at="2025-06-28T19:23:11 GMT+07:00" name="sendReport" finished-at="2025-06-28T19:23:14 GMT+07:00" duration-ms="3170" status="PASS">
          <reporter-output>
          </reporter-output>
        </test-method> <!-- sendReport -->
      </class> <!-- tests.TestRunner -->
    </test> <!-- Login Test -->
  </suite> <!-- Login Suite -->
</testng-results>
