<?xml version="1.0" encoding="UTF-8"?>
<!-- Generated by org.testng.reporters.JUnitXMLReporter -->
<testsuite ignored="0" hostname="TranThuHien" failures="0" tests="14" name="Default test" time="134.266" errors="0" timestamp="2025-06-01T22:41:03 GMT+07:00">
  <testcase classname="tests.LoginTest" name="testLogin" time="6.577"/>
  <testcase classname="tests.LoginTest" name="testLogin" time="2.785"/>
  <testcase classname="tests.LoginTest" name="testLogin" time="3.227"/>
  <testcase classname="tests.LoginTest" name="testLogin" time="2.837"/>
  <testcase classname="tests.LoginTest" name="testLogin" time="6.59"/>
  <testcase classname="tests.LoginTest" name="testLogin" time="6.189"/>
  <testcase classname="tests.LoginTest" name="testLogin" time="6.282"/>
  <testcase classname="tests.LoginTest" name="testLogin" time="6.47"/>
  <testcase classname="tests.LoginTest" name="testLogin" time="6.554"/>
  <testcase classname="tests.LoginTest" name="testLogin" time="6.645"/>
  <testcase classname="tests.LoginTest" name="testLogin" time="6.497"/>
  <testcase classname="tests.LoginTest" name="testLogin" time="6.334"/>
  <testcase classname="tests.LoginTest" name="testLogin" time="6.328"/>
  <testcase classname="tests.LoginTest" name="testLogin" time="11.712"/>
</testsuite> <!-- Default test -->
