<?xml version="1.0" encoding="UTF-8"?>
<!-- Generated by org.testng.reporters.JUnitXMLReporter -->
<testsuite ignored="1" hostname="TranThuHien" failures="0" tests="2" name="Login Tests" time="9.266" errors="0" timestamp="2025-05-10T21:59:46 GMT+07:00">
  <testcase classname="QuanlytaikhoanTestNG.LoginTestNG" name="login1" time="4.074"/>
  <testcase classname="QuanlytaikhoanTestNG.LoginTestNG" name="login2" time="1.026"/>
  <testcase classname="QuanlytaikhoanTestNG.LoginTestNG" name="login3" time="0.0">
    <ignored/>
  </testcase> <!-- login3 -->
</testsuite> <!-- Login Tests -->
