<?xml version="1.0" encoding="UTF-8"?>
<!-- Generated by org.testng.reporters.JUnitXMLReporter -->
<testsuite ignored="0" hostname="TranThuHien" failures="0" tests="3" name="Run All Classes In Package" time="8.22" errors="0" timestamp="2025-05-10T21:53:33 GMT+07:00">
  <testcase classname="QuanlytaikhoanTestNG.LoginTestNG" name="login1" time="2.326"/>
  <testcase classname="QuanlytaikhoanTestNG.LoginTestNG" name="login2" time="1.312"/>
  <testcase classname="QuanlytaikhoanTestNG.LoginTestNG" name="login3" time="1.199"/>
</testsuite> <!-- Run All Classes In Package -->
