<?xml version="1.0" encoding="UTF-8"?>
<!-- Generated by org.testng.reporters.JUnitXMLReporter -->
<testsuite ignored="0" hostname="TranThuHien" failures="0" tests="3" name="Login Tests" time="14.398" errors="0" timestamp="2025-05-10T22:01:27 GMT+07:00">
  <testcase classname="QuanlytaikhoanTestNG.LoginTestNG" name="login1" time="1.887"/>
  <testcase classname="QuanlytaikhoanTestNG.LoginTestNG" name="login2" time="2.571"/>
  <testcase classname="QuanlytaikhoanTestNG.LoginTestNG" name="login3" time="6.536"/>
</testsuite> <!-- Login Tests -->
