<?xml version="1.0" encoding="UTF-8"?>
<!-- Generated by org.testng.reporters.JUnitXMLReporter -->
<testsuite ignored="0" hostname="TranThuHien" failures="1" tests="1" name="Login Test" time="2.194" errors="0" timestamp="2025-05-17T00:13:11 ICT">
  <testcase classname="tests.LoginTest" name="testLogin" time="0.0">
    <failure type="java.lang.RuntimeException" message="java.lang.RuntimeException: Sheet Login not found">
      <![CDATA[java.lang.RuntimeException: java.lang.RuntimeException: Sheet Login not found
at java.base/java.util.ArrayList.forEach(ArrayList.java:1596)
Caused by: java.lang.RuntimeException: Sheet Login not found
at utils.ExcelUtils.getData(ExcelUtils.java:24)
at dataproviders.ExcelDataProvider.loginData(ExcelDataProvider.java:18)
... 25 more
... Removed 30 stack frames]]>
    </failure>
  </testcase> <!-- testLogin -->
</testsuite> <!-- Login Test -->
